<?xml version="1.0" encoding="UTF-8"?>
<testng-results ignored="0" total="3" passed="3" failed="0" skipped="0">
  <reporter-output>
  </reporter-output>
  <suite started-at="2022-01-14T16:44:45Z" name="Default suite" finished-at="2022-01-14T16:45:15Z" duration-ms="30360">
    <groups>
      <group name="abc">
        <method signature="Demo_Class.verifyFBLogo()[pri:0, instance:testNG_Concepts.Demo_Class@53fb3dab]" name="verifyFBLogo" class="testNG_Concepts.Demo_Class"/>
        <method signature="Demo_Class.verifycreatnewaccount()[pri:1, instance:testNG_Concepts.Demo_Class@53fb3dab]" name="verifycreatnewaccount" class="testNG_Concepts.Demo_Class"/>
      </group> <!-- abc -->
    </groups>
    <test started-at="2022-01-14T16:44:45Z" name="Default test" finished-at="2022-01-14T16:45:15Z" duration-ms="30360">
      <class name="testNG_Concepts.Demo_Class">
        <test-method is-config="true" signature="setup()[pri:0, instance:testNG_Concepts.Demo_Class@53fb3dab]" started-at="2022-01-14T16:44:45Z" name="setup" finished-at="2022-01-14T16:44:50Z" duration-ms="5218" status="PASS">
          <reporter-output>
          </reporter-output>
        </test-method> <!-- setup -->
        <test-method signature="verifylogin()[pri:-1, instance:testNG_Concepts.Demo_Class@53fb3dab]" started-at="2022-01-14T16:44:50Z" name="verifylogin" finished-at="2022-01-14T16:44:50Z" duration-ms="307" status="PASS">
          <reporter-output>
          </reporter-output>
        </test-method> <!-- verifylogin -->
        <test-method is-config="true" signature="teardown()[pri:0, instance:testNG_Concepts.Demo_Class@53fb3dab]" started-at="2022-01-14T16:44:50Z" name="teardown" finished-at="2022-01-14T16:44:50Z" duration-ms="351" status="PASS">
          <reporter-output>
          </reporter-output>
        </test-method> <!-- teardown -->
        <test-method is-config="true" signature="setup()[pri:0, instance:testNG_Concepts.Demo_Class@53fb3dab]" started-at="2022-01-14T16:44:50Z" name="setup" finished-at="2022-01-14T16:45:00Z" duration-ms="9584" status="PASS">
          <reporter-output>
          </reporter-output>
        </test-method> <!-- setup -->
        <test-method signature="verifyFBLogo()[pri:0, instance:testNG_Concepts.Demo_Class@53fb3dab]" started-at="2022-01-14T16:45:00Z" name="verifyFBLogo" finished-at="2022-01-14T16:45:00Z" duration-ms="96" status="PASS">
          <reporter-output>
          </reporter-output>
        </test-method> <!-- verifyFBLogo -->
        <test-method is-config="true" signature="teardown()[pri:0, instance:testNG_Concepts.Demo_Class@53fb3dab]" started-at="2022-01-14T16:45:00Z" name="teardown" finished-at="2022-01-14T16:45:00Z" duration-ms="335" status="PASS">
          <reporter-output>
          </reporter-output>
        </test-method> <!-- teardown -->
        <test-method is-config="true" signature="setup()[pri:0, instance:testNG_Concepts.Demo_Class@53fb3dab]" started-at="2022-01-14T16:45:00Z" name="setup" finished-at="2022-01-14T16:45:14Z" duration-ms="13916" status="PASS">
          <reporter-output>
          </reporter-output>
        </test-method> <!-- setup -->
        <test-method signature="verifycreatnewaccount()[pri:1, instance:testNG_Concepts.Demo_Class@53fb3dab]" started-at="2022-01-14T16:45:14Z" name="verifycreatnewaccount" finished-at="2022-01-14T16:45:15Z" duration-ms="234" status="PASS">
          <reporter-output>
          </reporter-output>
        </test-method> <!-- verifycreatnewaccount -->
        <test-method is-config="true" signature="teardown()[pri:0, instance:testNG_Concepts.Demo_Class@53fb3dab]" started-at="2022-01-14T16:45:15Z" name="teardown" finished-at="2022-01-14T16:45:15Z" duration-ms="288" status="PASS">
          <reporter-output>
          </reporter-output>
        </test-method> <!-- teardown -->
      </class> <!-- testNG_Concepts.Demo_Class -->
    </test> <!-- Default test -->
  </suite> <!-- Default suite -->
</testng-results>
