<?xml version="1.0" encoding="UTF-8"?>
<!-- Generated by org.testng.reporters.JUnitXMLReporter -->
<testsuite ignored="0" hostname="DESKTOP-3S4A0OP" failures="2" tests="17" name="TestNg different Feature topics" time="15.978" errors="0" timestamp="07 Jan 2022 17:23:15 GMT">
  <testcase classname="testNG_Concepts.Demo_Class" name="verifylogin" time="0.259"/>
  <testcase classname="testNG_Concepts.Demo_Class" name="verifyFBLogo" time="0.053">
    <failure type="java.lang.AssertionError" message="This is not excepted output expected:&amp;lt;false&amp;gt; but was:&amp;lt;true&amp;gt;">
      <![CDATA[java.lang.AssertionError: This is not excepted output expected:<false> but was:<true>
at org.junit.Assert.fail(Assert.java:88)
at org.junit.Assert.failNotEquals(Assert.java:743)
at org.junit.Assert.assertEquals(Assert.java:118)
at testNG_Concepts.Demo_Class.verifyFBLogo(Demo_Class.java:46)
... Removed 25 stack frames]]>
    </failure>
  </testcase> <!-- verifyFBLogo -->
  <testcase classname="testNG_Concepts.DependsOnMethodKeyword" name="test1" time="0.002">
    <failure type="java.lang.StringIndexOutOfBoundsException" message="String index out of range: 9">
      <![CDATA[java.lang.StringIndexOutOfBoundsException: String index out of range: 9
at java.base/java.lang.StringLatin1.charAt(StringLatin1.java:48)
at java.base/java.lang.String.charAt(String.java:1512)
at testNG_Concepts.DependsOnMethodKeyword.test1(DependsOnMethodKeyword.java:10)
... Removed 25 stack frames]]>
    </failure>
  </testcase> <!-- test1 -->
  <testcase classname="testNG_Concepts.DependsOnMethodKeyword" name="test2" time="0.0">
    <skipped/>
  </testcase> <!-- test2 -->
  <testcase classname="testNG_Concepts.DependsOnMethodKeyword" name="test3" time="0.0">
    <skipped/>
  </testcase> <!-- test3 -->
  <testcase classname="testNG_Concepts.Expexted_Keyword" name="test1" time="0.002"/>
  <testcase classname="testNG_Concepts.InvocationCountClass" name="addition" time="0.001"/>
  <testcase classname="testNG_Concepts.InvocationCountClass" name="addition" time="0.001"/>
  <testcase classname="testNG_Concepts.InvocationCountClass" name="addition" time="0.001"/>
  <testcase classname="testNG_Concepts.InvocationCountClass" name="addition" time="0.001"/>
  <testcase classname="testNG_Concepts.InvocationCountClass" name="addition" time="0.001"/>
  <testcase classname="testNG_Concepts.InvocationCountClass" name="addition" time="0.0"/>
  <testcase classname="testNG_Concepts.InvocationCountClass" name="addition" time="0.0"/>
  <testcase classname="testNG_Concepts.InvocationCountClass" name="addition" time="0.0"/>
  <testcase classname="testNG_Concepts.InvocationCountClass" name="addition" time="0.001"/>
  <testcase classname="testNG_Concepts.InvocationCountClass" name="addition" time="0.001"/>
  <testcase classname="testNG_Concepts.Demo_Class" name="verifycreatnewaccount" time="0.155"/>
</testsuite> <!-- TestNg different Feature topics -->
