<?xml version="1.0" encoding="UTF-8"?>
<!-- Generated by org.testng.reporters.JUnitXMLReporter -->
<testsuite ignored="0" hostname="DESKTOP-3S4A0OP" failures="0" tests="3" name="Default test" time="30.36" errors="0" timestamp="14 Jan 2022 16:45:15 GMT">
  <testcase classname="testNG_Concepts.Demo_Class" name="verifylogin" time="0.307"/>
  <testcase classname="testNG_Concepts.Demo_Class" name="verifyFBLogo" time="0.096"/>
  <testcase classname="testNG_Concepts.Demo_Class" name="verifycreatnewaccount" time="0.234"/>
</testsuite> <!-- Default test -->
